<?xml version="1.0" encoding="UTF-8"?>
<testsuite name="csc366.jpademo.Demo0" tests="7" skipped="0" failures="0" errors="0" timestamp="2020-03-01T22:24:54" hostname="Camerons-MacBook-Pro-2.local" time="0.088">
  <properties/>
  <testcase name="testSavePerson()" classname="csc366.jpademo.Demo0" time="0.011"/>
  <testcase name="testGetPerson()" classname="csc366.jpademo.Demo0" time="0.007"/>
  <testcase name="testDeletePerson()" classname="csc366.jpademo.Demo0" time="0.011"/>
  <testcase name="testFindAllPersons()" classname="csc366.jpademo.Demo0" time="0.011"/>
  <testcase name="testDeletByPersonId()" classname="csc366.jpademo.Demo0" time="0.009"/>
  <testcase name="testJpqlFinder()" classname="csc366.jpademo.Demo0" time="0.009"/>
  <testcase name="testSqlFinder()" classname="csc366.jpademo.Demo0" time="0.024"/>
  <system-out><![CDATA[2020-03-01 14:24:54 - 
    insert 
    into
        person
        (id, email, first_name, last_name) 
    values
        (null, ?, ?, ?)
2020-03-01 14:24:54 - binding parameter [1] as [VARCHAR] - [test@calpoly.edu]
2020-03-01 14:24:54 - binding parameter [2] as [VARCHAR] - [test]
2020-03-01 14:24:54 - binding parameter [3] as [VARCHAR] - [test]
2020-03-01 14:24:54 - 
    select
        person0_.id as id1_3_,
        person0_.email as email2_3_,
        person0_.first_name as first_na3_3_,
        person0_.last_name as last_nam4_3_ 
    from
        person person0_ 
    where
        person0_.first_name=?
2020-03-01 14:24:54 - binding parameter [1] as [VARCHAR] - [test]
2020-03-01 14:24:54 - Person[1,test,test,addresses=[]]
2020-03-01 14:24:54 - 
    insert 
    into
        person
        (id, email, first_name, last_name) 
    values
        (null, ?, ?, ?)
2020-03-01 14:24:54 - binding parameter [1] as [VARCHAR] - [test@calpoly.edu]
2020-03-01 14:24:54 - binding parameter [2] as [VARCHAR] - [test]
2020-03-01 14:24:54 - binding parameter [3] as [VARCHAR] - [test]
2020-03-01 14:24:54 - 
    select
        person0_.id as id1_3_,
        person0_.email as email2_3_,
        person0_.first_name as first_na3_3_,
        person0_.last_name as last_nam4_3_ 
    from
        person person0_ 
    where
        person0_.first_name=?
2020-03-01 14:24:54 - binding parameter [1] as [VARCHAR] - [test]
2020-03-01 14:24:54 - 
    insert 
    into
        person
        (id, email, first_name, last_name) 
    values
        (null, ?, ?, ?)
2020-03-01 14:24:54 - binding parameter [1] as [VARCHAR] - [test@calpoly.edu]
2020-03-01 14:24:54 - binding parameter [2] as [VARCHAR] - [test]
2020-03-01 14:24:54 - binding parameter [3] as [VARCHAR] - [test]
2020-03-01 14:24:54 - 
    delete 
    from
        person 
    where
        id=?
2020-03-01 14:24:54 - binding parameter [1] as [BIGINT] - [3]
2020-03-01 14:24:54 - 
    insert 
    into
        person
        (id, email, first_name, last_name) 
    values
        (null, ?, ?, ?)
2020-03-01 14:24:54 - binding parameter [1] as [VARCHAR] - [test@calpoly.edu]
2020-03-01 14:24:54 - binding parameter [2] as [VARCHAR] - [test]
2020-03-01 14:24:54 - binding parameter [3] as [VARCHAR] - [test]
2020-03-01 14:24:54 - 
    select
        person0_.id as id1_3_,
        person0_.email as email2_3_,
        person0_.first_name as first_na3_3_,
        person0_.last_name as last_nam4_3_ 
    from
        person person0_
2020-03-01 14:24:54 - 
    insert 
    into
        person
        (id, email, first_name, last_name) 
    values
        (null, ?, ?, ?)
2020-03-01 14:24:54 - binding parameter [1] as [VARCHAR] - [test@calpoly.edu]
2020-03-01 14:24:54 - binding parameter [2] as [VARCHAR] - [test]
2020-03-01 14:24:54 - binding parameter [3] as [VARCHAR] - [test]
2020-03-01 14:24:54 - 
    select
        person0_.id as id1_3_,
        person0_.email as email2_3_,
        person0_.first_name as first_na3_3_,
        person0_.last_name as last_nam4_3_ 
    from
        person person0_ 
    where
        person0_.first_name=?
2020-03-01 14:24:54 - binding parameter [1] as [VARCHAR] - [test]
2020-03-01 14:24:54 - 
    delete 
    from
        person 
    where
        id=?
2020-03-01 14:24:54 - binding parameter [1] as [BIGINT] - [5]
2020-03-01 14:24:54 - 
    insert 
    into
        person
        (id, email, first_name, last_name) 
    values
        (null, ?, ?, ?)
2020-03-01 14:24:54 - binding parameter [1] as [VARCHAR] - [test@calpoly.edu]
2020-03-01 14:24:54 - binding parameter [2] as [VARCHAR] - [test]
2020-03-01 14:24:54 - binding parameter [3] as [VARCHAR] - [test]
2020-03-01 14:24:54 - 
    select
        person0_.id as id1_3_,
        person0_.email as email2_3_,
        person0_.first_name as first_na3_3_,
        person0_.last_name as last_nam4_3_ 
    from
        person person0_ 
    where
        person0_.first_name=? 
        or person0_.last_name=?
2020-03-01 14:24:54 - binding parameter [1] as [VARCHAR] - [test]
2020-03-01 14:24:54 - binding parameter [2] as [VARCHAR] - [test]
2020-03-01 14:24:54 - 
    insert 
    into
        person
        (id, email, first_name, last_name) 
    values
        (null, ?, ?, ?)
2020-03-01 14:24:54 - binding parameter [1] as [VARCHAR] - [test@calpoly.edu]
2020-03-01 14:24:54 - binding parameter [2] as [VARCHAR] - [test]
2020-03-01 14:24:54 - binding parameter [3] as [VARCHAR] - [test]
2020-03-01 14:24:54 - 
    select
        * 
    from
        person as p 
    where
        p.first_name = ? 
        or p.last_name = ?
2020-03-01 14:24:54 - binding parameter [1] as [VARCHAR] - [test]
2020-03-01 14:24:54 - binding parameter [2] as [VARCHAR] - [test]
]]></system-out>
  <system-err><![CDATA[]]></system-err>
</testsuite>
