<?xml version="1.0" encoding="UTF-8"?>
<testsuite name="csc366.jpademo.CustomerTest" tests="2" skipped="0" failures="0" errors="0" timestamp="2020-03-04T06:46:15" hostname="caoimhes-MacBook-Pro.local" time="0.113">
  <properties/>
  <testcase name="testSaveCustomer()" classname="csc366.jpademo.CustomerTest" time="0.072"/>
  <testcase name="testRemovePaymentMethodAndFlush()" classname="csc366.jpademo.CustomerTest" time="0.039"/>
  <system-out><![CDATA[2020-03-03 22:46:16 - 
    insert 
    into
        customer
        (c_id, first_name, last_name) 
    values
        (null, ?, ?)
2020-03-03 22:46:16 - binding parameter [1] as [VARCHAR] - [test]
2020-03-03 22:46:16 - binding parameter [2] as [VARCHAR] - [test]
2020-03-03 22:46:16 - 
    select
        paymentmet0_.c_id as c_id1_3_0_,
        paymentmet0_.card_number as card_num2_3_0_,
        paymentmet0_.card_type as card_typ3_3_0_,
        paymentmet0_.customer_c_id as customer5_3_0_,
        paymentmet0_.is_cash as is_cash4_3_0_ 
    from
        payment_method paymentmet0_ 
    where
        paymentmet0_.c_id=?
2020-03-03 22:46:16 - binding parameter [1] as [BIGINT] - [1]
2020-03-03 22:46:16 - 
    insert 
    into
        payment_method
        (card_number, card_type, customer_c_id, is_cash, c_id) 
    values
        (?, ?, ?, ?, ?)
2020-03-03 22:46:16 - binding parameter [1] as [DOUBLE] - [123.33]
2020-03-03 22:46:16 - binding parameter [2] as [VARCHAR] - [test]
2020-03-03 22:46:16 - binding parameter [3] as [BIGINT] - [1]
2020-03-03 22:46:16 - binding parameter [4] as [BOOLEAN] - [false]
2020-03-03 22:46:16 - binding parameter [5] as [BIGINT] - [1]
2020-03-03 22:46:16 - 
    select
        customer0_.c_id as c_id1_1_,
        customer0_.first_name as first_na2_1_,
        customer0_.last_name as last_nam3_1_ 
    from
        customer customer0_ 
    where
        customer0_.first_name=?
2020-03-03 22:46:16 - binding parameter [1] as [VARCHAR] - [test]
2020-03-03 22:46:16 - Customer[1,test,test]
2020-03-03 22:46:16 - 
    insert 
    into
        customer
        (c_id, first_name, last_name) 
    values
        (null, ?, ?)
2020-03-03 22:46:16 - binding parameter [1] as [VARCHAR] - [test]
2020-03-03 22:46:16 - binding parameter [2] as [VARCHAR] - [test]
2020-03-03 22:46:16 - 
    select
        paymentmet0_.c_id as c_id1_3_0_,
        paymentmet0_.card_number as card_num2_3_0_,
        paymentmet0_.card_type as card_typ3_3_0_,
        paymentmet0_.customer_c_id as customer5_3_0_,
        paymentmet0_.is_cash as is_cash4_3_0_ 
    from
        payment_method paymentmet0_ 
    where
        paymentmet0_.c_id=?
2020-03-03 22:46:16 - binding parameter [1] as [BIGINT] - [2]
2020-03-03 22:46:16 - 
    insert 
    into
        payment_method
        (card_number, card_type, customer_c_id, is_cash, c_id) 
    values
        (?, ?, ?, ?, ?)
2020-03-03 22:46:16 - binding parameter [1] as [DOUBLE] - [123.33]
2020-03-03 22:46:16 - binding parameter [2] as [VARCHAR] - [test]
2020-03-03 22:46:16 - binding parameter [3] as [BIGINT] - [2]
2020-03-03 22:46:16 - binding parameter [4] as [BOOLEAN] - [false]
2020-03-03 22:46:16 - binding parameter [5] as [BIGINT] - [2]
2020-03-03 22:46:16 - 
    select
        customer0_.c_id as c_id1_1_,
        customer0_.first_name as first_na2_1_,
        customer0_.last_name as last_nam3_1_ 
    from
        customer customer0_ 
    where
        customer0_.first_name=?
2020-03-03 22:46:16 - binding parameter [1] as [VARCHAR] - [test]
2020-03-03 22:46:16 - 
    delete 
    from
        payment_method 
    where
        c_id=?
2020-03-03 22:46:16 - binding parameter [1] as [BIGINT] - [2]
2020-03-03 22:46:16 - Customer[2,test,test]
2020-03-03 22:46:16 - 
    select
        customer0_.c_id as c_id1_1_,
        customer0_.first_name as first_na2_1_,
        customer0_.last_name as last_nam3_1_ 
    from
        customer customer0_ 
    where
        customer0_.first_name=?
2020-03-03 22:46:16 - binding parameter [1] as [VARCHAR] - [test]
]]></system-out>
  <system-err><![CDATA[]]></system-err>
</testsuite>
