<?xml version="1.0" encoding="UTF-8"?>
<testsuite name="csc366.jpademo.Demo1" tests="5" skipped="0" failures="0" errors="0" timestamp="2020-03-04T06:46:17" hostname="caoimhes-MacBook-Pro.local" time="0.136">
  <properties/>
  <testcase name="testPersonAndAddress()" classname="csc366.jpademo.Demo1" time="0.029"/>
  <testcase name="testPersonAddressQuery()" classname="csc366.jpademo.Demo1" time="0.015"/>
  <testcase name="testRemoveAddress()" classname="csc366.jpademo.Demo1" time="0.02"/>
  <testcase name="testRemoveAddressAndFlush()" classname="csc366.jpademo.Demo1" time="0.019"/>
  <testcase name="testJpqlJoin()" classname="csc366.jpademo.Demo1" time="0.044"/>
  <system-out><![CDATA[2020-03-03 22:46:16 - Starting Demo1 on caoimhes-MacBook-Pro.local with PID 26606 (started by caoimhe in /Users/caoimhe/Desktop/366finalproj)
2020-03-03 22:46:16 - Running with Spring Boot v2.2.4.RELEASE, Spring v5.2.3.RELEASE
2020-03-03 22:46:16 - No active profile set, falling back to default profiles: default
2020-03-03 22:46:16 - 
    
    create table address (
       id bigint generated by default as identity,
        city varchar(255),
        state varchar(255),
        street varchar(255),
        zip_code varchar(255),
        person_id bigint,
        primary key (id)
    )
2020-03-03 22:46:16 - 
    
    create table customer (
       c_id bigint generated by default as identity,
        first_name varchar(255) not null,
        last_name varchar(255) not null,
        primary key (c_id)
    )
2020-03-03 22:46:16 - 
    
    create table employee (
       empl_id bigint generated by default as identity,
        first_name varchar(255) not null,
        last_name varchar(255) not null,
        start_date timestamp not null,
        primary key (empl_id)
    )
2020-03-03 22:46:16 - 
    
    create table payment_method (
       c_id bigint not null,
        card_number double not null,
        card_type varchar(255) not null,
        is_cash boolean not null,
        customer_c_id bigint not null,
        primary key (c_id)
    )
2020-03-03 22:46:16 - 
    
    create table payroll (
       empl_id bigint not null,
        pay_period varchar(255) not null,
        pay_rate double not null,
        employee_empl_id bigint not null,
        primary key (empl_id)
    )
2020-03-03 22:46:16 - 
    
    create table person (
       id bigint generated by default as identity,
        email varchar(255),
        first_name varchar(255),
        last_name varchar(255) not null,
        primary key (id)
    )
2020-03-03 22:46:16 - 
    
    alter table person 
       drop constraint if exists UK6wjuvbalf4x2thqkfxejnlbvh
2020-03-03 22:46:16 - 
    
    alter table person 
       add constraint UK6wjuvbalf4x2thqkfxejnlbvh unique (last_name, first_name)
2020-03-03 22:46:16 - 
    
    alter table person 
       drop constraint if exists UK_fwmwi44u55bo4rvwsv0cln012
2020-03-03 22:46:16 - 
    
    alter table person 
       add constraint UK_fwmwi44u55bo4rvwsv0cln012 unique (email)
2020-03-03 22:46:16 - 
    
    alter table person 
       drop constraint if exists UK_6atyavdanbj9pwrbrod7irb2x
2020-03-03 22:46:16 - 
    
    alter table person 
       add constraint UK_6atyavdanbj9pwrbrod7irb2x unique (last_name)
2020-03-03 22:46:16 - 
    
    alter table address 
       add constraint FK81ihijcn1kdfwffke0c0sjqeb 
       foreign key (person_id) 
       references person
2020-03-03 22:46:16 - 
    
    alter table payment_method 
       add constraint FK4hs7iidum1ppamsdrq4jqaala 
       foreign key (customer_c_id) 
       references customer
2020-03-03 22:46:16 - 
    
    alter table payroll 
       add constraint FKho65wd7dl0mmb6gjxio18re71 
       foreign key (employee_empl_id) 
       references employee
2020-03-03 22:46:17 - Started Demo1 in 1.119 seconds (JVM running for 10.598)
2020-03-03 22:46:17 - 
    insert 
    into
        person
        (id, email, first_name, last_name) 
    values
        (null, ?, ?, ?)
2020-03-03 22:46:17 - binding parameter [1] as [VARCHAR] - [test@calpoly.edu]
2020-03-03 22:46:17 - binding parameter [2] as [VARCHAR] - [test]
2020-03-03 22:46:17 - binding parameter [3] as [VARCHAR] - [test]
2020-03-03 22:46:17 - 
    insert 
    into
        address
        (id, city, person_id, state, street, zip_code) 
    values
        (null, ?, ?, ?, ?, ?)
2020-03-03 22:46:17 - binding parameter [1] as [VARCHAR] - [SLO]
2020-03-03 22:46:17 - binding parameter [2] as [BIGINT] - [1]
2020-03-03 22:46:17 - binding parameter [3] as [VARCHAR] - [CA]
2020-03-03 22:46:17 - binding parameter [4] as [VARCHAR] - [1 Grand Ave]
2020-03-03 22:46:17 - binding parameter [5] as [VARCHAR] - [93407]
2020-03-03 22:46:17 - 
    select
        person0_.id as id1_5_,
        person0_.email as email2_5_,
        person0_.first_name as first_na3_5_,
        person0_.last_name as last_nam4_5_ 
    from
        person person0_ 
    where
        person0_.first_name=?
2020-03-03 22:46:17 - binding parameter [1] as [VARCHAR] - [test]
2020-03-03 22:46:17 - Person[1,test,test,addresses=[Address[1,1 Grand Ave,SLO,CA,93407]]]
2020-03-03 22:46:17 - 
    insert 
    into
        person
        (id, email, first_name, last_name) 
    values
        (null, ?, ?, ?)
2020-03-03 22:46:17 - binding parameter [1] as [VARCHAR] - [test@calpoly.edu]
2020-03-03 22:46:17 - binding parameter [2] as [VARCHAR] - [test]
2020-03-03 22:46:17 - binding parameter [3] as [VARCHAR] - [test]
2020-03-03 22:46:17 - 
    insert 
    into
        address
        (id, city, person_id, state, street, zip_code) 
    values
        (null, ?, ?, ?, ?, ?)
2020-03-03 22:46:17 - binding parameter [1] as [VARCHAR] - [SLO]
2020-03-03 22:46:17 - binding parameter [2] as [BIGINT] - [2]
2020-03-03 22:46:17 - binding parameter [3] as [VARCHAR] - [CA]
2020-03-03 22:46:17 - binding parameter [4] as [VARCHAR] - [1 Grand Ave]
2020-03-03 22:46:17 - binding parameter [5] as [VARCHAR] - [93407]
2020-03-03 22:46:17 - 
    select
        person0_.id as id1_5_,
        person0_.email as email2_5_,
        person0_.first_name as first_na3_5_,
        person0_.last_name as last_nam4_5_ 
    from
        person person0_ 
    where
        person0_.first_name=?
2020-03-03 22:46:17 - binding parameter [1] as [VARCHAR] - [test]
2020-03-03 22:46:17 - 
    insert 
    into
        person
        (id, email, first_name, last_name) 
    values
        (null, ?, ?, ?)
2020-03-03 22:46:17 - binding parameter [1] as [VARCHAR] - [test@calpoly.edu]
2020-03-03 22:46:17 - binding parameter [2] as [VARCHAR] - [test]
2020-03-03 22:46:17 - binding parameter [3] as [VARCHAR] - [test]
2020-03-03 22:46:17 - 
    insert 
    into
        address
        (id, city, person_id, state, street, zip_code) 
    values
        (null, ?, ?, ?, ?, ?)
2020-03-03 22:46:17 - binding parameter [1] as [VARCHAR] - [SLO]
2020-03-03 22:46:17 - binding parameter [2] as [BIGINT] - [3]
2020-03-03 22:46:17 - binding parameter [3] as [VARCHAR] - [CA]
2020-03-03 22:46:17 - binding parameter [4] as [VARCHAR] - [1 Grand Ave]
2020-03-03 22:46:17 - binding parameter [5] as [VARCHAR] - [93407]
2020-03-03 22:46:17 - 
    select
        person0_.id as id1_5_,
        person0_.email as email2_5_,
        person0_.first_name as first_na3_5_,
        person0_.last_name as last_nam4_5_ 
    from
        person person0_ 
    where
        person0_.first_name=?
2020-03-03 22:46:17 - binding parameter [1] as [VARCHAR] - [test]
2020-03-03 22:46:17 - Person[3,test,test,addresses=[]]
2020-03-03 22:46:17 - 
    insert 
    into
        person
        (id, email, first_name, last_name) 
    values
        (null, ?, ?, ?)
2020-03-03 22:46:17 - binding parameter [1] as [VARCHAR] - [test@calpoly.edu]
2020-03-03 22:46:17 - binding parameter [2] as [VARCHAR] - [test]
2020-03-03 22:46:17 - binding parameter [3] as [VARCHAR] - [test]
2020-03-03 22:46:17 - 
    insert 
    into
        address
        (id, city, person_id, state, street, zip_code) 
    values
        (null, ?, ?, ?, ?, ?)
2020-03-03 22:46:17 - binding parameter [1] as [VARCHAR] - [SLO]
2020-03-03 22:46:17 - binding parameter [2] as [BIGINT] - [4]
2020-03-03 22:46:17 - binding parameter [3] as [VARCHAR] - [CA]
2020-03-03 22:46:17 - binding parameter [4] as [VARCHAR] - [1 Grand Ave]
2020-03-03 22:46:17 - binding parameter [5] as [VARCHAR] - [93407]
2020-03-03 22:46:17 - 
    select
        person0_.id as id1_5_,
        person0_.email as email2_5_,
        person0_.first_name as first_na3_5_,
        person0_.last_name as last_nam4_5_ 
    from
        person person0_ 
    where
        person0_.first_name=?
2020-03-03 22:46:17 - binding parameter [1] as [VARCHAR] - [test]
2020-03-03 22:46:17 - 
    delete 
    from
        address 
    where
        id=?
2020-03-03 22:46:17 - binding parameter [1] as [BIGINT] - [4]
2020-03-03 22:46:17 - Person[4,test,test,addresses=[]]
2020-03-03 22:46:17 - 
    insert 
    into
        person
        (id, email, first_name, last_name) 
    values
        (null, ?, ?, ?)
2020-03-03 22:46:17 - binding parameter [1] as [VARCHAR] - [test@calpoly.edu]
2020-03-03 22:46:17 - binding parameter [2] as [VARCHAR] - [test]
2020-03-03 22:46:17 - binding parameter [3] as [VARCHAR] - [test]
2020-03-03 22:46:17 - 
    insert 
    into
        address
        (id, city, person_id, state, street, zip_code) 
    values
        (null, ?, ?, ?, ?, ?)
2020-03-03 22:46:17 - binding parameter [1] as [VARCHAR] - [SLO]
2020-03-03 22:46:17 - binding parameter [2] as [BIGINT] - [5]
2020-03-03 22:46:17 - binding parameter [3] as [VARCHAR] - [CA]
2020-03-03 22:46:17 - binding parameter [4] as [VARCHAR] - [1 Grand Ave]
2020-03-03 22:46:17 - binding parameter [5] as [VARCHAR] - [93407]
2020-03-03 22:46:17 - 
    select
        person0_.id as id1_5_,
        person0_.email as email2_5_,
        person0_.first_name as first_na3_5_,
        person0_.last_name as last_nam4_5_ 
    from
        person person0_ 
    inner join
        address addresses1_ 
            on person0_.id=addresses1_.person_id 
    where
        person0_.first_name=? 
        or person0_.last_name=?
2020-03-03 22:46:17 - binding parameter [1] as [VARCHAR] - [test]
2020-03-03 22:46:17 - binding parameter [2] as [VARCHAR] - [test]
2020-03-03 22:46:17 - Person[5,test,test,addresses=[Address[5,1 Grand Ave,SLO,CA,93407]]]
2020-03-03 22:46:17 - 
    insert 
    into
        address
        (id, city, person_id, state, street, zip_code) 
    values
        (null, ?, ?, ?, ?, ?)
2020-03-03 22:46:17 - binding parameter [1] as [VARCHAR] - [SLO]
2020-03-03 22:46:17 - binding parameter [2] as [BIGINT] - [5]
2020-03-03 22:46:17 - binding parameter [3] as [VARCHAR] - [CA]
2020-03-03 22:46:17 - binding parameter [4] as [VARCHAR] - [2 Grand Ave]
2020-03-03 22:46:17 - binding parameter [5] as [VARCHAR] - [93407-0002]
2020-03-03 22:46:17 - 
    select
        person0_.id as id1_5_,
        person0_.email as email2_5_,
        person0_.first_name as first_na3_5_,
        person0_.last_name as last_nam4_5_ 
    from
        person person0_ 
    inner join
        address addresses1_ 
            on person0_.id=addresses1_.person_id 
    where
        person0_.first_name=? 
        or person0_.last_name=?
2020-03-03 22:46:17 - binding parameter [1] as [VARCHAR] - [test]
2020-03-03 22:46:17 - binding parameter [2] as [VARCHAR] - [test]
2020-03-03 22:46:17 - Person[5,test,test,addresses=[Address[5,1 Grand Ave,SLO,CA,93407], Address[6,2 Grand Ave,SLO,CA,93407-0002]]]
]]></system-out>
  <system-err><![CDATA[]]></system-err>
</testsuite>
